TN:
SF:/Users/fernandoavax/Documents/Proyectos/marketplaceai-frontend/contracts/evm/contracts/LicenseNFT.sol
FN:23,onlyMarketplace
FN:28,constructor
FN:32,setMarketplace
FN:36,getLicense
FN:41,mint
FN:47,updateExpires
FN:53,_update
FNF:7
FNH:6
FNDA:30,onlyMarketplace
FNDA:11,constructor
FNDA:0,setMarketplace
FNDA:10,getLicense
FNDA:29,mint
FNDA:1,updateExpires
FNDA:29,_update
DA:24,30
DA:25,30
DA:29,11
DA:33,0
DA:37,10
DA:38,10
DA:42,29
DA:43,29
DA:44,29
DA:48,1
DA:49,1
DA:59,29
DA:61,29
DA:62,0
LF:14
LH:12
BRDA:24,1,0,30
BRDA:24,1,1,0
BRDA:32,2,0,0
BRDA:32,2,1,0
BRDA:37,3,0,10
BRDA:37,3,1,0
BRDA:41,4,0,29
BRDA:41,4,1,0
BRDA:47,5,0,1
BRDA:47,5,1,0
BRDA:48,6,0,1
BRDA:48,6,1,0
BRDA:61,7,0,0
BRDA:61,7,1,29
BRDA:62,8,0,0
BRDA:62,8,1,0
BRF:16
BRH:6
end_of_record
TN:
SF:/Users/fernandoavax/Documents/Proyectos/marketplaceai-frontend/contracts/evm/contracts/Marketplace.sol
FN:129,licenseNFTAddress
FN:187,notPaused
FN:193,_ensureValidBps
FN:198,_ensureFeeUnderCap
FN:203,_ensureFeePlusRoyaltyOk
FN:208,_ensureValidRights
FN:213,_ensureValidDelivery
FN:229,constructor
FN:252,setFees
FN:266,setPaused
FN:274,setModelsLimit
FN:285,_validateLicensing
FN:322,listOrUpgrade
FN:399,setLicensingParams
FN:426,setListed
FN:454,_send
FN:468,_distribute
FN:488,_licensePrice
FN:517,buyLicense
FN:572,renewLicense
FN:617,revokeByAdmin
FN:626,revokeByModelOwner
FN:645,sweep
FN:660,licenseStatus
FNF:24
FNH:21
FNDA:2,licenseNFTAddress
FNDA:53,notPaused
FNDA:35,_ensureValidBps
FNDA:16,_ensureFeeUnderCap
FNDA:49,_ensureFeePlusRoyaltyOk
FNDA:47,_ensureValidRights
FNDA:47,_ensureValidDelivery
FNDA:11,constructor
FNDA:6,setFees
FNDA:1,setPaused
FNDA:1,setModelsLimit
FNDA:17,_validateLicensing
FNDA:18,listOrUpgrade
FNDA:0,setLicensingParams
FNDA:0,setListed
FNDA:90,_send
FNDA:30,_distribute
FNDA:31,_licensePrice
FNDA:30,buyLicense
FNDA:3,renewLicense
FNDA:2,revokeByAdmin
FNDA:1,revokeByModelOwner
FNDA:0,sweep
FNDA:4,licenseStatus
DA:130,2
DA:188,53
DA:189,52
DA:194,35
DA:199,16
DA:204,49
DA:209,47
DA:214,47
DA:230,11
DA:231,11
DA:232,11
DA:234,11
DA:235,11
DA:236,11
DA:239,11
DA:241,11
DA:243,11
DA:253,6
DA:254,5
DA:255,4
DA:257,4
DA:258,4
DA:260,4
DA:267,1
DA:268,1
DA:275,1
DA:276,1
DA:286,17
DA:287,17
DA:289,16
DA:291,11
DA:294,5
DA:323,18
DA:324,18
DA:325,17
DA:326,17
DA:327,17
DA:330,16
DA:331,16
DA:334,16
DA:337,16
DA:338,2
DA:339,2
DA:340,2
DA:341,2
DA:342,2
DA:343,2
DA:345,2
DA:350,16
DA:353,15
DA:354,15
DA:355,15
DA:356,15
DA:357,15
DA:358,15
DA:359,15
DA:360,15
DA:361,15
DA:362,15
DA:363,15
DA:364,15
DA:365,15
DA:368,15
DA:369,15
DA:370,15
DA:373,15
DA:374,15
DA:377,15
DA:378,15
DA:379,15
DA:400,0
DA:401,0
DA:403,0
DA:404,0
DA:405,0
DA:407,0
DA:408,0
DA:409,0
DA:410,0
DA:411,0
DA:414,0
DA:415,0
DA:416,0
DA:417,0
DA:419,0
DA:427,0
DA:428,0
DA:430,0
DA:431,0
DA:433,0
DA:435,0
DA:436,0
DA:438,0
DA:439,0
DA:440,0
DA:444,0
DA:445,0
DA:455,90
DA:456,86
DA:457,86
DA:474,30
DA:475,30
DA:476,30
DA:478,30
DA:479,30
DA:480,30
DA:489,31
DA:490,5
DA:491,5
DA:493,26
DA:494,26
DA:496,26
DA:497,26
DA:498,25
DA:500,0
DA:518,30
DA:519,30
DA:521,30
DA:522,30
DA:523,30
DA:526,30
DA:527,29
DA:530,29
DA:533,29
DA:534,29
DA:535,24
DA:536,24
DA:540,29
DA:551,29
DA:552,29
DA:554,29
DA:573,3
DA:576,3
DA:579,3
DA:582,2
DA:585,2
DA:587,1
DA:589,1
DA:592,1
DA:593,1
DA:595,1
DA:598,1
DA:599,1
DA:601,1
DA:603,1
DA:618,2
DA:619,2
DA:620,2
DA:627,1
DA:630,1
DA:632,1
DA:633,1
DA:646,0
DA:672,4
DA:674,4
DA:675,4
DA:676,4
DA:677,4
DA:679,4
DA:681,1
DA:682,1
DA:685,3
DA:686,3
DA:688,3
DA:691,3
DA:694,3
LF:166
LH:137
BRDA:188,1,0,1
BRDA:188,1,1,52
BRDA:194,2,0,1
BRDA:194,2,1,34
BRDA:199,3,0,1
BRDA:199,3,1,15
BRDA:204,4,0,1
BRDA:204,4,1,48
BRDA:209,5,0,0
BRDA:209,5,1,47
BRDA:214,6,0,0
BRDA:214,6,1,47
BRDA:232,7,0,0
BRDA:232,7,1,11
BRDA:252,8,0,6
BRDA:252,8,1,0
BRDA:255,9,0,0
BRDA:255,9,1,4
BRDA:266,10,0,1
BRDA:266,10,1,0
BRDA:274,11,0,1
BRDA:274,11,1,0
BRDA:286,12,0,0
BRDA:286,12,1,17
BRDA:287,13,0,1
BRDA:287,13,1,16
BRDA:287,14,0,1
BRDA:287,14,1,0
BRDA:289,15,0,11
BRDA:289,15,1,5
BRDA:291,16,0,0
BRDA:291,16,1,11
BRDA:294,17,0,0
BRDA:294,17,1,5
BRDA:322,18,0,18
BRDA:322,18,1,1
BRDA:334,19,0,0
BRDA:334,19,1,16
BRDA:337,20,0,2
BRDA:337,20,1,14
BRDA:339,21,0,2
BRDA:339,21,1,0
BRDA:341,22,0,2
BRDA:341,22,1,0
BRDA:350,23,0,1
BRDA:350,23,1,15
BRDA:368,24,0,2
BRDA:368,24,1,13
BRDA:399,25,0,0
BRDA:399,25,1,0
BRDA:401,26,0,0
BRDA:401,26,1,0
BRDA:414,27,0,0
BRDA:414,27,1,0
BRDA:415,28,0,0
BRDA:415,28,1,0
BRDA:426,29,0,0
BRDA:426,29,1,0
BRDA:428,30,0,0
BRDA:428,30,1,0
BRDA:435,31,0,0
BRDA:435,31,1,0
BRDA:438,32,0,0
BRDA:438,32,1,0
BRDA:442,33,0,0
BRDA:442,33,1,0
BRDA:455,34,0,4
BRDA:455,34,1,86
BRDA:457,35,0,0
BRDA:457,35,1,86
BRDA:489,36,0,5
BRDA:489,36,1,26
BRDA:490,37,0,0
BRDA:490,37,1,5
BRDA:492,38,0,26
BRDA:492,38,1,0
BRDA:493,39,0,0
BRDA:493,39,1,26
BRDA:494,40,0,0
BRDA:494,40,1,26
BRDA:497,41,0,1
BRDA:497,41,1,25
BRDA:517,42,0,31
BRDA:517,42,1,0
BRDA:517,43,0,30
BRDA:517,43,1,1
BRDA:519,44,0,0
BRDA:519,44,1,30
BRDA:527,45,0,0
BRDA:527,45,1,29
BRDA:534,46,0,24
BRDA:534,46,1,5
BRDA:572,47,0,3
BRDA:572,47,1,0
BRDA:572,48,0,3
BRDA:572,48,1,0
BRDA:573,49,0,0
BRDA:573,49,1,3
BRDA:579,50,0,1
BRDA:579,50,1,2
BRDA:582,51,0,0
BRDA:582,51,1,2
BRDA:585,52,0,1
BRDA:585,52,1,1
BRDA:593,53,0,0
BRDA:593,53,1,1
BRDA:598,54,0,1
BRDA:598,54,1,0
BRDA:617,55,0,2
BRDA:617,55,1,0
BRDA:630,56,0,0
BRDA:630,56,1,1
BRDA:645,57,0,0
BRDA:645,57,1,0
BRDA:679,58,0,1
BRDA:679,58,1,3
BRF:116
BRH:66
end_of_record
TN:
SF:/Users/fernandoavax/Documents/Proyectos/marketplaceai-frontend/contracts/evm/contracts/test/ReentrantFeeReceiver.sol
FN:13,constructor
FN:17,listSelf
FN:43,setParams
FNF:3
FNH:3
FNDA:1,constructor
FNDA:1,listSelf
FNDA:1,setParams
DA:14,1
DA:29,1
DA:44,1
DA:45,1
DA:46,1
DA:51,3
DA:52,1
DA:53,1
LF:8
LH:8
BRDA:51,1,0,1
BRDA:51,1,1,2
BRF:2
BRH:2
end_of_record
